00000000 a __dldi_lma
00000000 a __end__
00000000 A __sync_synchronize
01ff8000 t __itcm_start
01ff8038 00000018 T __excpt_vectors
01ff8050 00000088 t threadReschedule
01ff80d8 000000d8 T threadBlock
01ff81b0 000000c0 T threadUnblockOneByValue
01ff8270 00000130 T threadUnblockAllByValue
01ff83a0 00000134 T threadUnblockAllByMask
01ff84d4 0000002c T armContextSave
01ff8500 00000020 T armContextLoad
01ff8504 T armContextLoadFromSvc
01ff8520 00000008 T armWaitForIrq
01ff8528 0000000c T armDrainWriteBuffer
01ff8534 00000028 T armDCacheFlushAll
01ff855c 0000001c T armDCacheFlush
01ff8578 0000000c T armICacheInvalidateAll
01ff8584 00000004 t __arm_excpt_rst
01ff8588 00000004 t __arm_excpt_pabt
01ff858c 0000000c t __arm_excpt_und
01ff8598 0000000c t __arm_excpt_dabt
01ff85a4 00000030 t __excpt_entry
01ff85d4 000000e4 t __arm_excpt_irq
01ff86b8 t __itcm_end
02001000 t __crt0_start
02001000 00000060 t __ds9_bootstub_trampoline
02001060 00000074 T crt0ProcessLoadList
020010d4 00000180 T crt0Startup
02001254 0000004c T crt0CopyMem32
020012a0 00000058 T crt0FillMem32
020012f8 000000b4 T crt0SetupMPU
020013c0 t __crt0_end
020013c0 T _init
020013c0 t __main_start
020013cc 00000022 T exit
020013f0 000000cc T main
020014bc t __do_global_dtors_aux
020014e8 t frame_dummy
0200150c 0000002c T initHouse
02001538 00000084 T generateHouse
020015bc 00000030 T hideHouseMenu
020015ec 00000060 T initMenu
0200164c 000000b8 T displayMenu
02001704 00000040 T addNewUnit
02001744 000000e4 T characterMovement
02001828 0000006c T scanKeys
02001894 0000000c T keysHeld
020018a0 0000001a T oamAllocReset
020018bc 00000578 T oamAllocateGfx
02001e34 00000138 T oamInit
02001f6c 00000034 T oamGetGfxPtr
02001fa0 00000034 T oamGfxPtrToOffset
02001fd4 000000fe T oamSet
020020d4 00000078 T oamUpdate
0200214c 0000009c T threadExit
020021e8 00000010 t _threadTickTask
020021f8 00000098 T _threadInit
02002290 000000a4 T threadPrepare
02002334 000000c8 T threadStart
020023fc 000000a0 T threadIrqWait
0200249c 00000058 T threadSleepTicks
020024f4 00000028 T keypadGetState
0200251c 00000058 T touchRead
02002574 0000001c t _tickCountIsr
02002590 00000084 t _tickTaskSchedule.part.0.isra.0
02002614 000000a0 T tickInit
020026b4 0000005c T tickGetCount
02002710 00000110 t _tickTaskIsr
02002820 00000144 T tickTaskStart
02002964 00000014 T __syscall_getreent
02002978 0000004c T __syscall_lock_acquire_recursive
020029c4 00000018 T __syscall_lock_release_recursive
020029dc 00000004 t _pxiMailboxHandler
020029e0 00000004 W _pxiRecvUnhandled
020029e4 00000154 t _pxiRecvIrqHandler
02002b38 00000058 T _pxiInit
02002b90 00000074 T pxiSetHandler
02002c04 00000068 T pxiSetMailbox
02002c6c 00000038 T pxiWaitRemote
02002ca4 00000050 T pxiSendPacket
02002cf4 00000004 W systemUserStartup
02002cf8 00000104 W systemStartup
02002dfc 00000064 T irqSet
02002e60 000001cc t threadUpdateDynamicPrio
0200302c 000001c8 t threadRemoveWaiter
020031f4 00000150 T mutexLock
02003344 000000d0 T mutexUnlock
02003414 00000098 T mailboxTrySend
020034ac 00000098 T mailboxRecv
02003544 00000040 t _pmCallEventHandlers
02003584 000000a0 t _pmPxiThreadMain
02003624 00000028 t _pmResetPxiHandler
0200364c 00000004 W systemUserExit
02003650 00000004 W systemErrorExit
02003654 00000138 T __syscall_exit
0200378c 00000058 T pmInit
020037e4 00000002 W __aeabi_idiv0
020037e4 00000002 W __aeabi_ldiv0
020037e8 00000052 T __libc_init_array
0200383c 00000018 T realloc
02003854 00000550 T _malloc_r
02003da4 000000ac T _malloc_trim_r
02003e50 000001d8 T _free_r
02004028 00000026 T malloc
02004050 00000014 T free
02004064 0000008c T memset
020040f0 00000344 T _realloc_r
02004434 00000014 T __malloc_lock
02004448 00000014 T __malloc_unlock
0200445c 0000000c W __call_exitprocs
02004468 000000cc T memmove
02004534 00000118 T _memalign_r
0200464c 0000002e T __libc_fini_array
0200467c 00000014 T _exit
02004690 00000020 T __getreent
020046b0 00000050 W _sbrk_r
02004700 00000018 T __libc_lock_acquire_recursive
02004718 00000018 T __libc_lock_release_recursive
02004730 T __aeabi_uidiv
02004730 000000fc T __udivsi3
02004730 t .udivsi3_skip_div0_test
0200482c 00000020 T __aeabi_uidivmod
0200484c T _fini
02004858 00000008 t ____aeabi_idiv0_from_arm
02004860 T spritesheetTiles
02004998 a __crt0_lma
02004d58 a __itcm_lma
02004d58 a __loadlist_lma
02007560 T spritesheetPal
02007760 00000001 d count
02007761 00000001 d repeat
02007762 00000001 d delay
02007764 00000018 D oamSub
0200777c 00000018 D oamMain
02007794 00000004 D __malloc_sbrk_base
02007798 00000004 D __malloc_trim_threshold
020077a0 00000408 D __malloc_av_
02007ba8 00000004 D _impure_ptr
02007bb0 00000140 D _impure_data
02007cf0 r __EH_FRAME_BEGIN__
02007cf0 r __FRAME_END__
02007cf4 r __tls_info
02007d00 d __frame_dummy_init_array_entry
02007d00 d __init_array_start
02007d00 d __preinit_array_end
02007d00 d __preinit_array_start
02007d04 d __do_global_dtors_aux_fini_array_entry
02007d04 d __fini_array_start
02007d04 d __init_array_end
02007d08 b completed.1
02007d08 d __fini_array_end
02007d08 d __main_end
02007d08 ? __tls_end
02007d08 ? __tls_start
02007d0c b object.0
02007d24 00000008 B touch
02007d2c 00000002 b keysrepeat
02007d30 00000004 b s_keypad
02007d34 00000400 B OamMemory
02008134 00000400 B OamMemorySub
02008534 00000008 b s_sleepThreads
0200853c 00000008 b s_joinThreads
02008544 00000070 b s_idleThread
020085b4 00000070 b s_mainThread
02008624 00000004 b s_firstTask
02008628 00000008 b s_highTickCount
02008630 00000001 b s_tickInit
02008634 00000004 V __stacksize__
02008638 00000001 B g_isTwlMode
0200863c 000001f0 b s_pxiChannels
0200882c 00000004 b s_pxiRecvState
02008830 00000008 b s_pxiRecvQueue
02008838 00000004 b s_pxiSendMutex
0200883c 00000008 b s_mailboxRecvQueue
02008848 00000200 b s_pmPxiThreadStack
02008a48 00000070 b s_pmPxiThread
02008ab8 00000008 b s_pmState
02008ac0 00000028 B __malloc_current_mallinfo
02008ae8 00000004 B __malloc_max_total_mem
02008aec 00000004 B __malloc_max_sbrked_mem
02008af0 00000004 B __malloc_top_pad
02008af4 0000000c b __malloc_recursive_mutex
02008b00 00000004 B fake_heap_start
02008b04 00000004 B fake_heap_end
02008b08 00000004 b heap_start.0
02008b10 00000168 B __sf
02008c78 00000004 B __stdio_exit_handler
02008c7c b __heap_start_ntr
02008c7c b __main_bss_end
02008c80 r __heap_start_twl
02008c80 ? __twl_bss_end
02008c80 ? __twl_end
02008c80 ? __twl_start
0200bd58 a __loadlist_start
0200bd88 a __loadlist_end
02400000 a __twl_lma
02400000 a __twl_loadlist_lma
02400000 a __twl_loadlist_start
0240000c a __twl_loadlist_end
02ff0000 ? __dtcm_end
02ff0000 ? __dtcm_start
02ff0000 00000080 B __irq_table
02ff0080 00000018 B __sched_state
02ff0098 b __dtcm_bss_end
02ff3e80 d __sp_usr
02ff3f80 a __sp_irq
02ff3fc0 a __sp_svc
02ff3ff8 a __irq_flags
0e000800 00000198 T __ds9_bootstub
ffff0008 a __arm_excpt_svc
